TN:
SF:src/index.ts
FN:7,TreeStore
FN:11,getAll
FN:15,getItem
FN:19,getChildren
FN:23,getAllChildren
FN:32,getAllParents
FNF:6
FNH:6
FNDA:2,TreeStore
FNDA:1,getAll
FNDA:25,getItem
FNDA:24,getChildren
FNDA:19,getAllChildren
FNDA:20,getAllParents
DA:1,1
DA:2,1
DA:3,1
DA:4,1
DA:5,1
DA:6,1
DA:7,1
DA:8,2
DA:9,2
DA:10,1
DA:11,1
DA:12,1
DA:13,1
DA:14,1
DA:15,1
DA:16,25
DA:17,25
DA:18,1
DA:19,1
DA:20,24
DA:21,24
DA:22,1
DA:23,1
DA:24,19
DA:25,19
DA:26,19
DA:27,14
DA:28,19
DA:29,19
DA:30,19
DA:31,1
DA:32,1
DA:33,20
DA:34,20
DA:35,14
DA:36,14
DA:37,14
DA:38,20
DA:39,20
DA:40,1
DA:41,1
DA:42,1
DA:43,1
DA:44,1
DA:45,1
DA:46,1
DA:47,1
DA:48,1
DA:49,1
DA:50,1
DA:51,1
DA:52,1
DA:53,1
DA:54,1
DA:55,1
LF:55
LH:55
BRDA:7,0,0,2
BRDA:11,1,0,1
BRDA:15,2,0,25
BRDA:16,3,0,111
BRDA:19,4,0,24
BRDA:20,5,0,192
BRDA:23,6,0,19
BRDA:26,7,0,14
BRDA:32,8,0,20
BRDA:34,9,0,14
BRF:10
BRH:10
end_of_record
